Using pre-set license
Built from '2020.3/staging' branch; Version is '2020.3.20f1 (41c4e627c95f) revision 4310246'; Using compiler version '192528614'; Build Type 'Release'
OS: 'Windows 10 Home; OS build 22000.1219; Version 2009; 64bit' Language: 'en' Physical Memory: 16300 MB
BatchMode: 1, IsHumanControllingUs: 0, StartBugReporterOnCrash: 0, Is64bit: 1, IsPro: 0

COMMAND LINE ARGUMENTS:
D:\Unity\Editor\Unity.exe
-adb2
-batchMode
-noUpm
-name
AssetImportWorker0
-projectPath
C:/Users/omerf/OneDrive/Desktop/Submitted Tetris
-logFile
Logs/AssetImportWorker0.log
-srvPort
62270
Successfully changed project path to: C:/Users/omerf/OneDrive/Desktop/Submitted Tetris
C:/Users/omerf/OneDrive/Desktop/Submitted Tetris
Using Asset Import Pipeline V2.
Refreshing native plugins compatible for Editor in 38.22 ms, found 3 plugins.
Preloading 0 native plugins for Editor in 0.00 ms.
Initialize engine version: 2020.3.20f1 (41c4e627c95f)
[Subsystems] Discovering subsystems at path D:/Unity/Editor/Data/Resources/UnitySubsystems
[Subsystems] Discovering subsystems at path C:/Users/omerf/OneDrive/Desktop/Submitted Tetris/Assets
GfxDevice: creating device client; threaded=0
Direct3D:
    Version:  Direct3D 11.0 [level 11.1]
    Renderer: NVIDIA GeForce RTX 2060 (ID=0x1e89)
    Vendor:   
    VRAM:     5963 MB
    Driver:   31.0.15.2698
Initialize mono
Mono path[0] = 'D:/Unity/Editor/Data/Managed'
Mono path[1] = 'D:/Unity/Editor/Data/MonoBleedingEdge/lib/mono/unityjit'
Mono config path = 'D:/Unity/Editor/Data/MonoBleedingEdge/etc'
Using monoOptions --debugger-agent=transport=dt_socket,embedding=1,server=y,suspend=n,address=127.0.0.1:56512
Begin MonoManager ReloadAssembly
Registering precompiled unity dll's ...
Register platform support module: D:/Unity/Editor/Data/PlaybackEngines/WindowsStandaloneSupport/UnityEditor.WindowsStandalone.Extensions.dll
Registered in 0.000753 seconds.
Native extension for WindowsStandalone target not found
Refreshing native plugins compatible for Editor in 39.79 ms, found 3 plugins.
Preloading 0 native plugins for Editor in 0.00 ms.
Mono: successfully reloaded assembly
- Completed reload, in  0.937 seconds
Domain Reload Profiling:
	ReloadAssembly (937ms)
		BeginReloadAssembly (51ms)
			ExecutionOrderSort (0ms)
			DisableScriptedObjects (0ms)
			BackupInstance (0ms)
			ReleaseScriptingObjects (0ms)
			CreateAndSetChildDomain (1ms)
		EndReloadAssembly (378ms)
			LoadAssemblies (51ms)
			RebuildTransferFunctionScriptingTraits (0ms)
			SetupTypeCache (140ms)
			ReleaseScriptCaches (0ms)
			RebuildScriptCaches (27ms)
			SetupLoadedEditorAssemblies (153ms)
				LogAssemblyErrors (0ms)
				InitializePlatformSupportModulesInManaged (3ms)
				SetLoadedEditorAssemblies (0ms)
				RefreshPlugins (40ms)
				BeforeProcessingInitializeOnLoad (14ms)
				ProcessInitializeOnLoadAttributes (69ms)
				ProcessInitializeOnLoadMethodAttributes (26ms)
				AfterProcessingInitializeOnLoad (0ms)
				EditorAssembliesLoaded (0ms)
			ExecutionOrderSort2 (0ms)
			AwakeInstancesAfterBackupRestoration (0ms)
Platform modules already initialized, skipping
Registering precompiled user dll's ...
Registered in 0.002457 seconds.
Begin MonoManager ReloadAssembly
Native extension for WindowsStandalone target not found
Refreshing native plugins compatible for Editor in 39.24 ms, found 3 plugins.
Preloading 0 native plugins for Editor in 0.00 ms.
Mono: successfully reloaded assembly
- Completed reload, in  0.984 seconds
Domain Reload Profiling:
	ReloadAssembly (985ms)
		BeginReloadAssembly (135ms)
			ExecutionOrderSort (0ms)
			DisableScriptedObjects (4ms)
			BackupInstance (0ms)
			ReleaseScriptingObjects (0ms)
			CreateAndSetChildDomain (16ms)
		EndReloadAssembly (800ms)
			LoadAssemblies (87ms)
			RebuildTransferFunctionScriptingTraits (0ms)
			SetupTypeCache (260ms)
			ReleaseScriptCaches (0ms)
			RebuildScriptCaches (43ms)
			SetupLoadedEditorAssemblies (306ms)
				LogAssemblyErrors (0ms)
				InitializePlatformSupportModulesInManaged (3ms)
				SetLoadedEditorAssemblies (0ms)
				RefreshPlugins (39ms)
				BeforeProcessingInitializeOnLoad (65ms)
				ProcessInitializeOnLoadAttributes (185ms)
				ProcessInitializeOnLoadMethodAttributes (12ms)
				AfterProcessingInitializeOnLoad (1ms)
				EditorAssembliesLoaded (0ms)
			ExecutionOrderSort2 (0ms)
			AwakeInstancesAfterBackupRestoration (6ms)
Platform modules already initialized, skipping
========================================================================
Worker process is ready to serve import requests
Launched and connected shader compiler UnityShaderCompiler.exe after 0.04 seconds
Refreshing native plugins compatible for Editor in 0.55 ms, found 3 plugins.
Preloading 0 native plugins for Editor in 0.00 ms.
Unloading 2186 Unused Serialized files (Serialized files now loaded: 0)
System memory in use before: 95.3 MB.
System memory in use after: 95.4 MB.

Unloading 26 unused Assets to reduce memory usage. Loaded Objects now: 2625.
Total: 3.843800 ms (FindLiveObjects: 0.355200 ms CreateObjectMapping: 0.123600 ms MarkObjects: 3.296900 ms  DeleteObjects: 0.066700 ms)

AssetImportParameters requested are different than current active one (requested -> active):
  custom:framework-win-MediaFoundation: 216162199b28c13a410421893ffa2e32 -> 
  custom:video-decoder-ogg-theora: a1e56fd34408186e4bbccfd4996cb3dc -> 
  custom:container-muxer-webm: aa71ff27fc2769a1b78a27578f13a17b -> 
  custom:container-demuxer-webm: 4f35f7cbe854078d1ac9338744f61a02 -> 
  custom:container-demuxer-ogg: 62fdf1f143b41e24485cea50d1cbac27 -> 
  custom:video-encoder-webm-vp8: eb34c28f22e8b96e1ab97ce403110664 -> 
  custom:video-decoder-webm-vp8: 9c59270c3fd7afecdb556c50c9e8de78 -> 
  custom:audio-decoder-ogg-vorbis: bf7c407c2cedff20999df2af8eb42d56 -> 
  custom:audio-encoder-webm-vorbis: bf7c407c2cedff20999df2af8eb42d56 -> 
========================================================================
Received Import Request.
  path: Assets/Scenes
  artifactKey: Guid(4fb742e6fc5128542b9f6497c5fad4a6) Importer(815301076,1909f56bfc062723c751e8b465ee728b)
Start importing Assets/Scenes using Guid(4fb742e6fc5128542b9f6497c5fad4a6) Importer(815301076,1909f56bfc062723c751e8b465ee728b)  -> (artifact id: 'bf8e49cb7e091279ed1743bf38fa0470') in 0.007928 seconds 
  Import took 0.010842 seconds .

========================================================================
Received Import Request.
  Time since last request: 0.000255 seconds.
  path: Assets/Scenes/SampleScene.unity
  artifactKey: Guid(2cda990e2423bbf4892e6590ba056729) Importer(815301076,1909f56bfc062723c751e8b465ee728b)
Start importing Assets/Scenes/SampleScene.unity using Guid(2cda990e2423bbf4892e6590ba056729) Importer(815301076,1909f56bfc062723c751e8b465ee728b)  -> (artifact id: 'aa27944bdea339c97c39027c7eea529c') in 0.010265 seconds 
  Import took 0.012959 seconds .

========================================================================
Received Import Request.
  Time since last request: 2.390043 seconds.
  path: Assets/AlanZucconi
  artifactKey: Guid(dba3a764a19bc5c46ad810b58dc584aa) Importer(815301076,1909f56bfc062723c751e8b465ee728b)
Start importing Assets/AlanZucconi using Guid(dba3a764a19bc5c46ad810b58dc584aa) Importer(815301076,1909f56bfc062723c751e8b465ee728b)  -> (artifact id: '12306bc5cabbf63de024e5d8edc42bbf') in 0.004807 seconds 
  Import took 0.007691 seconds .

========================================================================
Received Import Request.
  Time since last request: 1.221375 seconds.
  path: Assets/AlanZucconi/Scripts
  artifactKey: Guid(6acdfd2fccc0bd94fa96a119ab7c6c39) Importer(815301076,1909f56bfc062723c751e8b465ee728b)
Start importing Assets/AlanZucconi/Scripts using Guid(6acdfd2fccc0bd94fa96a119ab7c6c39) Importer(815301076,1909f56bfc062723c751e8b465ee728b)  -> (artifact id: '31c74f735382643ed87dddc7c0f9a9f9') in 0.004884 seconds 
  Import took 0.007888 seconds .

========================================================================
Received Prepare
Registering precompiled user dll's ...
Registered in 0.002302 seconds.
Begin MonoManager ReloadAssembly
Native extension for WindowsStandalone target not found
Refreshing native plugins compatible for Editor in 0.44 ms, found 3 plugins.
Preloading 0 native plugins for Editor in 0.00 ms.
Mono: successfully reloaded assembly
- Completed reload, in  0.939 seconds
Domain Reload Profiling:
	ReloadAssembly (939ms)
		BeginReloadAssembly (119ms)
			ExecutionOrderSort (0ms)
			DisableScriptedObjects (6ms)
			BackupInstance (0ms)
			ReleaseScriptingObjects (0ms)
			CreateAndSetChildDomain (34ms)
		EndReloadAssembly (756ms)
			LoadAssemblies (85ms)
			RebuildTransferFunctionScriptingTraits (0ms)
			SetupTypeCache (283ms)
			ReleaseScriptCaches (1ms)
			RebuildScriptCaches (41ms)
			SetupLoadedEditorAssemblies (258ms)
				LogAssemblyErrors (0ms)
				InitializePlatformSupportModulesInManaged (4ms)
				SetLoadedEditorAssemblies (0ms)
				RefreshPlugins (0ms)
				BeforeProcessingInitializeOnLoad (67ms)
				ProcessInitializeOnLoadAttributes (180ms)
				ProcessInitializeOnLoadMethodAttributes (5ms)
				AfterProcessingInitializeOnLoad (1ms)
				EditorAssembliesLoaded (0ms)
			ExecutionOrderSort2 (0ms)
			AwakeInstancesAfterBackupRestoration (10ms)
Platform modules already initialized, skipping
Refreshing native plugins compatible for Editor in 0.45 ms, found 3 plugins.
Preloading 0 native plugins for Editor in 0.00 ms.
Unloading 2179 Unused Serialized files (Serialized files now loaded: 0)
System memory in use before: 94.8 MB.
System memory in use after: 94.9 MB.

Unloading 14 unused Assets to reduce memory usage. Loaded Objects now: 2631.
Total: 2.851700 ms (FindLiveObjects: 0.238600 ms CreateObjectMapping: 0.098400 ms MarkObjects: 2.497100 ms  DeleteObjects: 0.016500 ms)

AssetImportParameters requested are different than current active one (requested -> active):
  custom:framework-win-MediaFoundation: 216162199b28c13a410421893ffa2e32 -> 
  custom:video-decoder-ogg-theora: a1e56fd34408186e4bbccfd4996cb3dc -> 
  custom:container-muxer-webm: aa71ff27fc2769a1b78a27578f13a17b -> 
  custom:container-demuxer-webm: 4f35f7cbe854078d1ac9338744f61a02 -> 
  custom:container-demuxer-ogg: 62fdf1f143b41e24485cea50d1cbac27 -> 
  custom:video-encoder-webm-vp8: eb34c28f22e8b96e1ab97ce403110664 -> 
  custom:video-decoder-webm-vp8: 9c59270c3fd7afecdb556c50c9e8de78 -> 
  custom:audio-decoder-ogg-vorbis: bf7c407c2cedff20999df2af8eb42d56 -> 
  custom:audio-encoder-webm-vorbis: bf7c407c2cedff20999df2af8eb42d56 -> 
========================================================================
Received Import Request.
  Time since last request: 13.325343 seconds.
  path: Assets/Tetris/Sprites/Tetris.prefab
  artifactKey: Guid(88d8bb85b61861b489b8291ee59fbabc) Importer(815301076,1909f56bfc062723c751e8b465ee728b)
Start importing Assets/Tetris/Sprites/Tetris.prefab using Guid(88d8bb85b61861b489b8291ee59fbabc) Importer(815301076,1909f56bfc062723c751e8b465ee728b)  -> (artifact id: '91f4e93f23e40b59bc9c668de5fb1c52') in 0.102551 seconds 
  Import took 0.105576 seconds .

========================================================================
Received Import Request.
  Time since last request: 0.000178 seconds.
  path: Assets/Tetris/Sprites/block.png
  artifactKey: Guid(1435c02b8224569459fba2b458d5fb0d) Importer(815301076,1909f56bfc062723c751e8b465ee728b)
Start importing Assets/Tetris/Sprites/block.png using Guid(1435c02b8224569459fba2b458d5fb0d) Importer(815301076,1909f56bfc062723c751e8b465ee728b)  -> (artifact id: '8158cdc51c90ab656ad264c26f8de634') in 0.043296 seconds 
  Import took 0.046039 seconds .

========================================================================
Received Import Request.
  Time since last request: 0.000209 seconds.
  path: Assets/Tetris/Sprites
  artifactKey: Guid(678ba3a9e717b4047b041a2ee5edb425) Importer(815301076,1909f56bfc062723c751e8b465ee728b)
Start importing Assets/Tetris/Sprites using Guid(678ba3a9e717b4047b041a2ee5edb425) Importer(815301076,1909f56bfc062723c751e8b465ee728b)  -> (artifact id: 'a1b2ef799b7bac3e83a195dbf91b6e97') in 0.004217 seconds 
  Import took 0.006840 seconds .

========================================================================
Received Import Request.
  Time since last request: 0.000220 seconds.
  path: Assets/Tetris/Sprites/block.asset
  artifactKey: Guid(5992f8b2433b0aa46b2a074bd4ca8435) Importer(815301076,1909f56bfc062723c751e8b465ee728b)
Start importing Assets/Tetris/Sprites/block.asset using Guid(5992f8b2433b0aa46b2a074bd4ca8435) Importer(815301076,1909f56bfc062723c751e8b465ee728b)  -> (artifact id: 'f9f0d27ad672ed8219e0e9b1267aaf1a') in 0.033770 seconds 
  Import took 0.037133 seconds .

========================================================================
Received Import Request.
  Time since last request: 10.198736 seconds.
  path: Assets/Tetris
  artifactKey: Guid(c3c5226215493384da02b4ff02ca5f74) Importer(815301076,1909f56bfc062723c751e8b465ee728b)
Start importing Assets/Tetris using Guid(c3c5226215493384da02b4ff02ca5f74) Importer(815301076,1909f56bfc062723c751e8b465ee728b)  -> (artifact id: 'e73a655f1375641c5c70e209c4afd5d6') in 0.001564 seconds 
  Import took 0.004651 seconds .

========================================================================
Received Import Request.
  Time since last request: 2.098425 seconds.
  path: Assets/Tetris/AIs
  artifactKey: Guid(af314908543be0d47981fa6cfdd3cac0) Importer(815301076,1909f56bfc062723c751e8b465ee728b)
Start importing Assets/Tetris/AIs using Guid(af314908543be0d47981fa6cfdd3cac0) Importer(815301076,1909f56bfc062723c751e8b465ee728b)  -> (artifact id: 'e4f247f90173b26eaac9912f9db40dd0') in 0.004461 seconds 
  Import took 0.007489 seconds .

========================================================================
Received Import Request.
  Time since last request: 2.440600 seconds.
  path: Assets/Tetris/Tetris.unity
  artifactKey: Guid(10d449a43b6dfa04885c273aa44610d9) Importer(815301076,1909f56bfc062723c751e8b465ee728b)
Start importing Assets/Tetris/Tetris.unity using Guid(10d449a43b6dfa04885c273aa44610d9) Importer(815301076,1909f56bfc062723c751e8b465ee728b)  -> (artifact id: '8b15b9c65d4b9e986774abbb8f57b01c') in 0.006166 seconds 
  Import took 0.009470 seconds .

========================================================================
Received Prepare
Registering precompiled user dll's ...
Registered in 0.002641 seconds.
Begin MonoManager ReloadAssembly
Native extension for WindowsStandalone target not found
Refreshing native plugins compatible for Editor in 0.43 ms, found 3 plugins.
Preloading 0 native plugins for Editor in 0.00 ms.
Mono: successfully reloaded assembly
- Completed reload, in  0.922 seconds
Domain Reload Profiling:
	ReloadAssembly (922ms)
		BeginReloadAssembly (114ms)
			ExecutionOrderSort (0ms)
			DisableScriptedObjects (5ms)
			BackupInstance (0ms)
			ReleaseScriptingObjects (0ms)
			CreateAndSetChildDomain (33ms)
		EndReloadAssembly (737ms)
			LoadAssemblies (91ms)
			RebuildTransferFunctionScriptingTraits (0ms)
			SetupTypeCache (261ms)
			ReleaseScriptCaches (1ms)
			RebuildScriptCaches (38ms)
			SetupLoadedEditorAssemblies (259ms)
				LogAssemblyErrors (0ms)
				InitializePlatformSupportModulesInManaged (4ms)
				SetLoadedEditorAssemblies (0ms)
				RefreshPlugins (0ms)
				BeforeProcessingInitializeOnLoad (69ms)
				ProcessInitializeOnLoadAttributes (179ms)
				ProcessInitializeOnLoadMethodAttributes (5ms)
				AfterProcessingInitializeOnLoad (1ms)
				EditorAssembliesLoaded (0ms)
			ExecutionOrderSort2 (0ms)
			AwakeInstancesAfterBackupRestoration (10ms)
Platform modules already initialized, skipping
Refreshing native plugins compatible for Editor in 0.43 ms, found 3 plugins.
Preloading 0 native plugins for Editor in 0.00 ms.
Unloading 2179 Unused Serialized files (Serialized files now loaded: 0)
System memory in use before: 97.9 MB.
System memory in use after: 98.0 MB.

Unloading 14 unused Assets to reduce memory usage. Loaded Objects now: 2646.
Total: 2.773300 ms (FindLiveObjects: 0.189600 ms CreateObjectMapping: 0.073800 ms MarkObjects: 2.494900 ms  DeleteObjects: 0.014300 ms)

AssetImportParameters requested are different than current active one (requested -> active):
  custom:framework-win-MediaFoundation: 216162199b28c13a410421893ffa2e32 -> 
  custom:video-decoder-ogg-theora: a1e56fd34408186e4bbccfd4996cb3dc -> 
  custom:container-muxer-webm: aa71ff27fc2769a1b78a27578f13a17b -> 
  custom:container-demuxer-webm: 4f35f7cbe854078d1ac9338744f61a02 -> 
  custom:container-demuxer-ogg: 62fdf1f143b41e24485cea50d1cbac27 -> 
  custom:video-encoder-webm-vp8: eb34c28f22e8b96e1ab97ce403110664 -> 
  custom:video-decoder-webm-vp8: 9c59270c3fd7afecdb556c50c9e8de78 -> 
  custom:audio-decoder-ogg-vorbis: bf7c407c2cedff20999df2af8eb42d56 -> 
  custom:audio-encoder-webm-vorbis: bf7c407c2cedff20999df2af8eb42d56 -> 
========================================================================
Received Import Request.
  Time since last request: 17.690718 seconds.
  path: Assets/Tetris/AIs/Students
  artifactKey: Guid(349a25ef5c9f73d4290262cde3297316) Importer(815301076,1909f56bfc062723c751e8b465ee728b)
Start importing Assets/Tetris/AIs/Students using Guid(349a25ef5c9f73d4290262cde3297316) Importer(815301076,1909f56bfc062723c751e8b465ee728b)  -> (artifact id: '25c10b0031295ce0837d39ac8a2fc766') in 0.006765 seconds 
  Import took 0.009866 seconds .

========================================================================
Received Import Request.
  Time since last request: 0.934973 seconds.
  path: Assets/Tetris/AIs/Students/2021-22
  artifactKey: Guid(43369dfa5b0d3504a8e51d38f9cfd762) Importer(815301076,1909f56bfc062723c751e8b465ee728b)
Start importing Assets/Tetris/AIs/Students/2021-22 using Guid(43369dfa5b0d3504a8e51d38f9cfd762) Importer(815301076,1909f56bfc062723c751e8b465ee728b)  -> (artifact id: '2a42a8743436b61743d5086e9907bca9') in 0.004509 seconds 
  Import took 0.007522 seconds .

========================================================================
Received Import Request.
  Time since last request: 0.635798 seconds.
  path: Assets/Tetris/AIs/Students/2021-22/oguve001
  artifactKey: Guid(493398b741c49634aaf7e90b39a4f97b) Importer(815301076,1909f56bfc062723c751e8b465ee728b)
Start importing Assets/Tetris/AIs/Students/2021-22/oguve001 using Guid(493398b741c49634aaf7e90b39a4f97b) Importer(815301076,1909f56bfc062723c751e8b465ee728b)  -> (artifact id: 'de62e2ffa73be44fc51df9b68d9ee46b') in 0.004680 seconds 
  Import took 0.008370 seconds .

========================================================================
Received Import Request.
  Time since last request: 0.036059 seconds.
  path: Assets/Tetris/AIs/Students/2021-22/oguve001/TetrisAI_oguve001.asset
  artifactKey: Guid(5b1eba07d5006bb4284dc4e97171020e) Importer(815301076,1909f56bfc062723c751e8b465ee728b)
Start importing Assets/Tetris/AIs/Students/2021-22/oguve001/TetrisAI_oguve001.asset using Guid(5b1eba07d5006bb4284dc4e97171020e) Importer(815301076,1909f56bfc062723c751e8b465ee728b)  -> (artifact id: 'ca00c604c459d4bdffefb8a09f108f1c') in 0.012545 seconds 
  Import took 0.015894 seconds .

========================================================================
Received Import Request.
  Time since last request: 14.157535 seconds.
  path: Assets/Tetris/AIs/Examples/TetrisAI_First.asset
  artifactKey: Guid(f738f03620525a040a826be1eeaccdd3) Importer(815301076,1909f56bfc062723c751e8b465ee728b)
Start importing Assets/Tetris/AIs/Examples/TetrisAI_First.asset using Guid(f738f03620525a040a826be1eeaccdd3) Importer(815301076,1909f56bfc062723c751e8b465ee728b)  -> (artifact id: 'ed6ba364555843c28511d68115bf3cdc') in 0.006679 seconds 
  Import took 0.010106 seconds .

========================================================================
Received Import Request.
  Time since last request: 0.000274 seconds.
  path: Assets/Tetris/AIs/Examples/TetrisAI_MaxColumnHeight.asset
  artifactKey: Guid(6521152c557681c4ea0c77f4e66b0c0a) Importer(815301076,1909f56bfc062723c751e8b465ee728b)
Start importing Assets/Tetris/AIs/Examples/TetrisAI_MaxColumnHeight.asset using Guid(6521152c557681c4ea0c77f4e66b0c0a) Importer(815301076,1909f56bfc062723c751e8b465ee728b)  -> (artifact id: 'e9cbd3f4a958f00a181e7bd5047f5425') in 0.006248 seconds 
  Import took 0.009806 seconds .

========================================================================
Received Import Request.
  Time since last request: 0.000141 seconds.
  path: Assets/Tetris/AIs/Examples/TetrisAI_Random.asset
  artifactKey: Guid(0d4c1a107ce59fa4690fe08072e4a71a) Importer(815301076,1909f56bfc062723c751e8b465ee728b)
Start importing Assets/Tetris/AIs/Examples/TetrisAI_Random.asset using Guid(0d4c1a107ce59fa4690fe08072e4a71a) Importer(815301076,1909f56bfc062723c751e8b465ee728b)  -> (artifact id: '44702af212da6a0916cf5982fa865cb3') in 0.006112 seconds 
  Import took 0.009501 seconds .

========================================================================
Received Prepare
Registering precompiled user dll's ...
Registered in 0.002242 seconds.
Begin MonoManager ReloadAssembly
Native extension for WindowsStandalone target not found
Refreshing native plugins compatible for Editor in 0.42 ms, found 3 plugins.
Preloading 0 native plugins for Editor in 0.00 ms.
Mono: successfully reloaded assembly
- Completed reload, in  0.886 seconds
Domain Reload Profiling:
	ReloadAssembly (886ms)
		BeginReloadAssembly (104ms)
			ExecutionOrderSort (0ms)
			DisableScriptedObjects (5ms)
			BackupInstance (0ms)
			ReleaseScriptingObjects (0ms)
			CreateAndSetChildDomain (31ms)
		EndReloadAssembly (733ms)
			LoadAssemblies (80ms)
			RebuildTransferFunctionScriptingTraits (0ms)
			SetupTypeCache (266ms)
			ReleaseScriptCaches (1ms)
			RebuildScriptCaches (38ms)
			SetupLoadedEditorAssemblies (253ms)
				LogAssemblyErrors (0ms)
				InitializePlatformSupportModulesInManaged (4ms)
				SetLoadedEditorAssemblies (0ms)
				RefreshPlugins (0ms)
				BeforeProcessingInitializeOnLoad (67ms)
				ProcessInitializeOnLoadAttributes (174ms)
				ProcessInitializeOnLoadMethodAttributes (5ms)
				AfterProcessingInitializeOnLoad (1ms)
				EditorAssembliesLoaded (0ms)
			ExecutionOrderSort2 (0ms)
			AwakeInstancesAfterBackupRestoration (10ms)
Platform modules already initialized, skipping
Refreshing native plugins compatible for Editor in 0.43 ms, found 3 plugins.
Preloading 0 native plugins for Editor in 0.00 ms.
Unloading 2179 Unused Serialized files (Serialized files now loaded: 0)
System memory in use before: 97.9 MB.
System memory in use after: 98.0 MB.

Unloading 14 unused Assets to reduce memory usage. Loaded Objects now: 2649.
Total: 2.944900 ms (FindLiveObjects: 0.200300 ms CreateObjectMapping: 0.067800 ms MarkObjects: 2.661200 ms  DeleteObjects: 0.014700 ms)

AssetImportParameters requested are different than current active one (requested -> active):
  custom:framework-win-MediaFoundation: 216162199b28c13a410421893ffa2e32 -> 
  custom:video-decoder-ogg-theora: a1e56fd34408186e4bbccfd4996cb3dc -> 
  custom:container-muxer-webm: aa71ff27fc2769a1b78a27578f13a17b -> 
  custom:container-demuxer-webm: 4f35f7cbe854078d1ac9338744f61a02 -> 
  custom:container-demuxer-ogg: 62fdf1f143b41e24485cea50d1cbac27 -> 
  custom:video-encoder-webm-vp8: eb34c28f22e8b96e1ab97ce403110664 -> 
  custom:video-decoder-webm-vp8: 9c59270c3fd7afecdb556c50c9e8de78 -> 
  custom:audio-decoder-ogg-vorbis: bf7c407c2cedff20999df2af8eb42d56 -> 
  custom:audio-encoder-webm-vorbis: bf7c407c2cedff20999df2af8eb42d56 -> 
========================================================================
Received Prepare
Registering precompiled user dll's ...
Registered in 0.002270 seconds.
Begin MonoManager ReloadAssembly
Native extension for WindowsStandalone target not found
Refreshing native plugins compatible for Editor in 0.42 ms, found 3 plugins.
Preloading 0 native plugins for Editor in 0.00 ms.
Mono: successfully reloaded assembly
- Completed reload, in  0.902 seconds
Domain Reload Profiling:
	ReloadAssembly (903ms)
		BeginReloadAssembly (114ms)
			ExecutionOrderSort (0ms)
			DisableScriptedObjects (5ms)
			BackupInstance (0ms)
			ReleaseScriptingObjects (0ms)
			CreateAndSetChildDomain (31ms)
		EndReloadAssembly (740ms)
			LoadAssemblies (85ms)
			RebuildTransferFunctionScriptingTraits (0ms)
			SetupTypeCache (269ms)
			ReleaseScriptCaches (1ms)
			RebuildScriptCaches (44ms)
			SetupLoadedEditorAssemblies (259ms)
				LogAssemblyErrors (0ms)
				InitializePlatformSupportModulesInManaged (4ms)
				SetLoadedEditorAssemblies (0ms)
				RefreshPlugins (0ms)
				BeforeProcessingInitializeOnLoad (69ms)
				ProcessInitializeOnLoadAttributes (178ms)
				ProcessInitializeOnLoadMethodAttributes (5ms)
				AfterProcessingInitializeOnLoad (1ms)
				EditorAssembliesLoaded (0ms)
			ExecutionOrderSort2 (0ms)
			AwakeInstancesAfterBackupRestoration (10ms)
Platform modules already initialized, skipping
Refreshing native plugins compatible for Editor in 0.42 ms, found 3 plugins.
Preloading 0 native plugins for Editor in 0.00 ms.
Unloading 2179 Unused Serialized files (Serialized files now loaded: 0)
System memory in use before: 97.9 MB.
System memory in use after: 98.0 MB.

Unloading 14 unused Assets to reduce memory usage. Loaded Objects now: 2652.
Total: 2.735000 ms (FindLiveObjects: 0.189100 ms CreateObjectMapping: 0.080900 ms MarkObjects: 2.449900 ms  DeleteObjects: 0.014100 ms)

AssetImportParameters requested are different than current active one (requested -> active):
  custom:framework-win-MediaFoundation: 216162199b28c13a410421893ffa2e32 -> 
  custom:video-decoder-ogg-theora: a1e56fd34408186e4bbccfd4996cb3dc -> 
  custom:container-muxer-webm: aa71ff27fc2769a1b78a27578f13a17b -> 
  custom:container-demuxer-webm: 4f35f7cbe854078d1ac9338744f61a02 -> 
  custom:container-demuxer-ogg: 62fdf1f143b41e24485cea50d1cbac27 -> 
  custom:video-encoder-webm-vp8: eb34c28f22e8b96e1ab97ce403110664 -> 
  custom:video-decoder-webm-vp8: 9c59270c3fd7afecdb556c50c9e8de78 -> 
  custom:audio-decoder-ogg-vorbis: bf7c407c2cedff20999df2af8eb42d56 -> 
  custom:audio-encoder-webm-vorbis: bf7c407c2cedff20999df2af8eb42d56 -> 
========================================================================
Received Import Request.
  Time since last request: 50.822139 seconds.
  path: Assets/Tetris/AIs/Students/2021-22/oguve001/TetrisAI_oguve001.cs
  artifactKey: Guid(8e937ab492eedbb47962ef5e514c8f56) Importer(815301076,1909f56bfc062723c751e8b465ee728b)
Start importing Assets/Tetris/AIs/Students/2021-22/oguve001/TetrisAI_oguve001.cs using Guid(8e937ab492eedbb47962ef5e514c8f56) Importer(815301076,1909f56bfc062723c751e8b465ee728b)  -> (artifact id: '5d93aee5dbe65f033a36e78d79de255f') in 0.007342 seconds 
  Import took 0.010797 seconds .

========================================================================
Received Import Request.
  Time since last request: 0.349985 seconds.
  path: Assets/Tetris/AIs/Students/2021-22/oguve001/TetrisEvolution_oguve001.cs
  artifactKey: Guid(29f2ad25dbdb1fb48b734a5bdb2594d8) Importer(815301076,1909f56bfc062723c751e8b465ee728b)
Start importing Assets/Tetris/AIs/Students/2021-22/oguve001/TetrisEvolution_oguve001.cs using Guid(29f2ad25dbdb1fb48b734a5bdb2594d8) Importer(815301076,1909f56bfc062723c751e8b465ee728b)  -> (artifact id: '68c8b9d96d732f69d1d4829e2b7aecc9') in 0.004731 seconds 
  Import took 0.007900 seconds .

========================================================================
Received Import Request.
  Time since last request: 0.576783 seconds.
  path: Assets/Tetris/AIs/Students/2021-22/oguve001/TetrisWorld_oguve001.cs
  artifactKey: Guid(7571789855a35a34396f7e57c487c9d8) Importer(815301076,1909f56bfc062723c751e8b465ee728b)
Start importing Assets/Tetris/AIs/Students/2021-22/oguve001/TetrisWorld_oguve001.cs using Guid(7571789855a35a34396f7e57c487c9d8) Importer(815301076,1909f56bfc062723c751e8b465ee728b)  -> (artifact id: 'fb5109f15a3479a761e9a448519fbd3d') in 0.004578 seconds 
  Import took 0.008065 seconds .

========================================================================
Received Prepare
Registering precompiled user dll's ...
Registered in 0.003661 seconds.
Begin MonoManager ReloadAssembly
Native extension for WindowsStandalone target not found
Refreshing native plugins compatible for Editor in 0.42 ms, found 3 plugins.
Preloading 0 native plugins for Editor in 0.00 ms.
Mono: successfully reloaded assembly
- Completed reload, in  0.860 seconds
Domain Reload Profiling:
	ReloadAssembly (861ms)
		BeginReloadAssembly (108ms)
			ExecutionOrderSort (0ms)
			DisableScriptedObjects (5ms)
			BackupInstance (0ms)
			ReleaseScriptingObjects (0ms)
			CreateAndSetChildDomain (29ms)
		EndReloadAssembly (704ms)
			LoadAssemblies (82ms)
			RebuildTransferFunctionScriptingTraits (0ms)
			SetupTypeCache (250ms)
			ReleaseScriptCaches (1ms)
			RebuildScriptCaches (37ms)
			SetupLoadedEditorAssemblies (252ms)
				LogAssemblyErrors (0ms)
				InitializePlatformSupportModulesInManaged (5ms)
				SetLoadedEditorAssemblies (0ms)
				RefreshPlugins (0ms)
				BeforeProcessingInitializeOnLoad (66ms)
				ProcessInitializeOnLoadAttributes (174ms)
				ProcessInitializeOnLoadMethodAttributes (5ms)
				AfterProcessingInitializeOnLoad (1ms)
				EditorAssembliesLoaded (0ms)
			ExecutionOrderSort2 (0ms)
			AwakeInstancesAfterBackupRestoration (9ms)
Platform modules already initialized, skipping
Refreshing native plugins compatible for Editor in 0.41 ms, found 3 plugins.
Preloading 0 native plugins for Editor in 0.00 ms.
Unloading 2179 Unused Serialized files (Serialized files now loaded: 0)
System memory in use before: 97.9 MB.
System memory in use after: 98.1 MB.

Unloading 14 unused Assets to reduce memory usage. Loaded Objects now: 2655.
Total: 2.595900 ms (FindLiveObjects: 0.182300 ms CreateObjectMapping: 0.067600 ms MarkObjects: 2.331600 ms  DeleteObjects: 0.013600 ms)

AssetImportParameters requested are different than current active one (requested -> active):
  custom:framework-win-MediaFoundation: 216162199b28c13a410421893ffa2e32 -> 
  custom:video-decoder-ogg-theora: a1e56fd34408186e4bbccfd4996cb3dc -> 
  custom:container-muxer-webm: aa71ff27fc2769a1b78a27578f13a17b -> 
  custom:container-demuxer-webm: 4f35f7cbe854078d1ac9338744f61a02 -> 
  custom:container-demuxer-ogg: 62fdf1f143b41e24485cea50d1cbac27 -> 
  custom:video-encoder-webm-vp8: eb34c28f22e8b96e1ab97ce403110664 -> 
  custom:video-decoder-webm-vp8: 9c59270c3fd7afecdb556c50c9e8de78 -> 
  custom:audio-decoder-ogg-vorbis: bf7c407c2cedff20999df2af8eb42d56 -> 
  custom:audio-encoder-webm-vorbis: bf7c407c2cedff20999df2af8eb42d56 -> 
AssetImportWorkerClient::OnTransportError - code=2 error=End of file
